ERROR - C:\Users\ei012\OneDrive\ドキュメント\Creo\config.pro, linenum 15:  Keyword 'CHAMFER_45DEG_DIM_TEXT' is not valid.
ERROR - C:\Users\ei012\OneDrive\ドキュメント\Creo\config.pro, linenum 27:  Keyword 'SHOW_SHADED_EDGES' is not valid.
ERROR - C:\Users\ei012\OneDrive\ドキュメント\Creo\config.pro, linenum 28:  Keyword 'SKETCHER_DEC_PLACES' is not valid.
ERROR - C:\Users\ei012\OneDrive\ドキュメント\Creo\config.pro, linenum 29:  Keyword 'SKETCHER_INTENT_MANAGER' is not valid.
ERROR - C:\Users\ei012\OneDrive\ドキュメント\Creo\config.pro, linenum 30:  Keyword 'TOL_MODE' is not valid.
ERROR - C:\Users\ei012\OneDrive\ドキュメント\Creo\config.pro, linenum 88:  Keyword 'CHAMFER_45DEG_DIM_TEXT' is not valid.
ERROR - C:\Users\ei012\OneDrive\ドキュメント\Creo\config.pro, linenum 154:  Keyword 'SHOW_SHADED_EDGES' is not valid.
ERROR - C:\Users\ei012\OneDrive\ドキュメント\Creo\config.pro, linenum 155:  Keyword 'SKETCHER_DEC_PLACES' is not valid.
ERROR - C:\Users\ei012\OneDrive\ドキュメント\Creo\config.pro, linenum 157:  Keyword 'SKETCHER_INTENT_MANAGER' is not valid.
ERROR - C:\Users\ei012\OneDrive\ドキュメント\Creo\config.pro, linenum 166:  Keyword 'TOL_MODE' is not valid.
Connection restored with License Server(s)  1
Connection restored with License Server(s)  2
Connection restored with License Server(s)  3
Connection restored with License Server(s)  4
Connection restored with License Server(s)  5
Connection restored with License Server(s)  6
Connection restored with License Server(s)  7
Connection restored with License Server(s)  8
Connection restored with License Server(s)  9
Connection restored with License Server(s)  10
